<?xml version="1.0" encoding="UTF-8"?>
<testng-results skipped="0" failed="0" ignored="0" total="1" passed="1">
  <reporter-output>
  </reporter-output>
  <suite name="myStore Suite" duration-ms="65000" started-at="2020-01-20T10:43:14Z" finished-at="2020-01-20T10:44:19Z">
    <groups>
    </groups>
    <test name="MyStore Test" duration-ms="65000" started-at="2020-01-20T10:43:14Z" finished-at="2020-01-20T10:44:19Z">
      <class name="com.myStore.testCases.TC_LoginTest_002">
        <test-method status="PASS" signature="setUp(java.lang.String)[pri:0, instance:com.myStore.testCases.TC_LoginTest_002@2cb4c3ab]" name="setUp" is-config="true" duration-ms="39583" started-at="2020-01-20T10:43:14Z" finished-at="2020-01-20T10:43:54Z">
          <params>
            <param index="0">
              <value>
                <![CDATA[chrome]]>
              </value>
            </param>
          </params>
          <reporter-output>
          </reporter-output>
        </test-method> <!-- setUp -->
        <test-method status="PASS" signature="SelectTopFromHomePage_AfterLogin()[pri:0, instance:com.myStore.testCases.TC_LoginTest_002@2cb4c3ab]" name="SelectTopFromHomePage_AfterLogin" duration-ms="23484" started-at="2020-01-20T10:43:54Z" finished-at="2020-01-20T10:44:18Z">
          <reporter-output>
          </reporter-output>
        </test-method> <!-- SelectTopFromHomePage_AfterLogin -->
        <test-method status="PASS" signature="tearDown()[pri:0, instance:com.myStore.testCases.TC_LoginTest_002@2cb4c3ab]" name="tearDown" is-config="true" duration-ms="1526" started-at="2020-01-20T10:44:18Z" finished-at="2020-01-20T10:44:19Z">
          <reporter-output>
          </reporter-output>
        </test-method> <!-- tearDown -->
      </class> <!-- com.myStore.testCases.TC_LoginTest_002 -->
    </test> <!-- MyStore Test -->
  </suite> <!-- myStore Suite -->
</testng-results>
