<?xml version="1.0" encoding="UTF-8"?>
<testng-results skipped="0" failed="0" ignored="0" total="2" passed="2">
  <reporter-output>
  </reporter-output>
  <suite name="myStore Suite" duration-ms="71396" started-at="2020-01-20T09:57:37Z" finished-at="2020-01-20T09:58:49Z">
    <groups>
    </groups>
    <test name="MyStore Test" duration-ms="71396" started-at="2020-01-20T09:57:37Z" finished-at="2020-01-20T09:58:49Z">
      <class name="com.myStore.testCases.TC_LoginTest_001">
        <test-method status="PASS" signature="setUp(java.lang.String)[pri:0, instance:com.myStore.testCases.TC_LoginTest_001@464bee09]" name="setUp" is-config="true" duration-ms="16775" started-at="2020-01-20T09:58:20Z" finished-at="2020-01-20T09:58:37Z">
          <params>
            <param index="0">
              <value>
                <![CDATA[chrome]]>
              </value>
            </param>
          </params>
          <reporter-output>
          </reporter-output>
        </test-method> <!-- setUp -->
        <test-method status="PASS" signature="SelectTopFromHomePage()[pri:0, instance:com.myStore.testCases.TC_LoginTest_001@464bee09]" name="SelectTopFromHomePage" duration-ms="10817" started-at="2020-01-20T09:58:37Z" finished-at="2020-01-20T09:58:48Z">
          <reporter-output>
          </reporter-output>
        </test-method> <!-- SelectTopFromHomePage -->
        <test-method status="PASS" signature="tearDown()[pri:0, instance:com.myStore.testCases.TC_LoginTest_001@464bee09]" name="tearDown" is-config="true" duration-ms="800" started-at="2020-01-20T09:58:48Z" finished-at="2020-01-20T09:58:49Z">
          <reporter-output>
          </reporter-output>
        </test-method> <!-- tearDown -->
      </class> <!-- com.myStore.testCases.TC_LoginTest_001 -->
      <class name="com.myStore.testCases.TC_LoginTest_002">
        <test-method status="PASS" signature="setUp(java.lang.String)[pri:0, instance:com.myStore.testCases.TC_LoginTest_002@6eebc39e]" name="setUp" is-config="true" duration-ms="18249" started-at="2020-01-20T09:57:38Z" finished-at="2020-01-20T09:57:56Z">
          <params>
            <param index="0">
              <value>
                <![CDATA[chrome]]>
              </value>
            </param>
          </params>
          <reporter-output>
          </reporter-output>
        </test-method> <!-- setUp -->
        <test-method status="PASS" signature="TestLogin()[pri:0, instance:com.myStore.testCases.TC_LoginTest_002@6eebc39e]" name="TestLogin" duration-ms="23663" started-at="2020-01-20T09:57:56Z" finished-at="2020-01-20T09:58:20Z">
          <reporter-output>
          </reporter-output>
        </test-method> <!-- TestLogin -->
        <test-method status="PASS" signature="tearDown()[pri:0, instance:com.myStore.testCases.TC_LoginTest_002@6eebc39e]" name="tearDown" is-config="true" duration-ms="814" started-at="2020-01-20T09:58:20Z" finished-at="2020-01-20T09:58:20Z">
          <reporter-output>
          </reporter-output>
        </test-method> <!-- tearDown -->
      </class> <!-- com.myStore.testCases.TC_LoginTest_002 -->
    </test> <!-- MyStore Test -->
  </suite> <!-- myStore Suite -->
</testng-results>
